Time: 7492
                                          #                                                          
                                     #                 #                          #                  
                                         #        #                                                  
                                                                                                     
    #                                            #                     #                     #       
                                                                                                     
                                                    #   #                                            
           #                      #                       #                                  #       
                                                               #                                     
                                                                #                                    
                         #                 #                                                         
                                                                                                     
                           #                                  #    #             #                #  
  #                                                                                                  
                                                                                                     
                                                                          #                 #        
                                                                                                     
                                     #                                                               
   #                                          #                                                      
                                                   #               #           #                     
                                                                                                     
              #                                       #                                              
                                                                                                     
                     #                                              #                   #            
                   #                                                                                 
                                                                                             #       
      #                                              #                                #              
   #                             ## #                                                                
    #                                #                                                               
                                                                                                     
                                                                                                     
                                              #      #                           #                   
                                                                             #                       
                                                                                             #       
        #            #                                                                #              
                                                                 #                                   
                                        #                  #                                         
                                      #                                   #         #         #  #   
                                                                                                     
                        #         #                                                                  
  #                                                        #                                         
                 ###############################                            #                        
               # #                             #                                  #                  
                 #                             #                                          #          
                 #                             #                            #                        
                 #                             #                                                     
                 #              #              #                                                     
                 #             ###             #                        #  #                         
                 #            #####            #                                                     
                 #           #######           #                                                     
                 #          #########          #              ##                    #                
                 #            #####            #                                   #                 
                 #           #######           #                     #                               
                 #          #########          #                                                     
                 #         ###########         #                    #               #                
                 #        #############        #                              #                      
                 #          #########          #                                                     
     #           #         ###########         #                             #                       
                 #        #############        #                                                     
                 #       ###############       #                                                     
          #      #      #################      #                                    #                
                 #        #############        #                                                     
       #         #       ###############       #             #           #                           
                 #      #################      #          #                                          
                 #     ###################     #                                                     
                 #    #####################    #                                                     
                 #             ###             #                                #    #               
  #         #    #             ###             #         #             #                             
                 #             ###             #                        #                      #     
                 #                             #                                      #              
                 #                             #  # #                        #     #                 
                 #                             #                                                 # # 
                 #                             #                                                     
                 ###############################                                                     
                                                                            #                        
                                                                                              #      
               #                                                                  #                  
                                                                       #                             
  #                                #   #                                   #     #                   
 #              # #                  #                                                               
                                                                                                     
                                                                                                     
                                   #    #         #                                        #         
                                                                                                     
#    #                  #                                                                            
          #    #                #                    #                                               
                                                                                                     
                     #                                                                               
                                                                                                     
                                                                                       #             
                                                                                                     
                                                              #                                      
                                                                                                     
                                                    #          #                                     
                       #                                                     #                       
                                                                                                     
                                                                                                     
                                                                                          #          
                                       #                                                             
                                                                                                     
       #                                                                                             
                                                                                        #            
                                        #                                 #                #         
Time: 17895
                                          #                                                          
                                     #                 #                          #                  
                                         #        #                                                  
                                                                                                     
    #                                            #                     #                     #       
                                                                                                     
                                                    #   #                                            
           #                      #                       #                                  #       
                                                               #                                     
                                                                #                                    
                         #                 #                                                         
                                                                                                     
                           #                                  #    #             #                #  
  #                                                                                                  
                                                                                                     
                                                                          #                 #        
                                                                                                     
                                     #                                                               
   #                                          #                                                      
                                                   #               #           #                     
                                                                                                     
              #                                       #                                              
                                                                                                     
                     #                                              #                   #            
                   #                                                                                 
                                                                                             #       
      #                                              #                                #              
   #                             ## #                                                                
    #                                #                                                               
                                                                                                     
                                                                                                     
                                              #      #                           #                   
                                                                             #                       
                                                                                             #       
        #            #                                                                #              
                                                                 #                                   
                                        #                  #                                         
                                      #                                   #         #         #  #   
                                                                                                     
                        #         #                                                                  
  #                                                        #                                         
                 ###############################                            #                        
               # #                             #                                  #                  
                 #                             #                                          #          
                 #                             #                            #                        
                 #                             #                                                     
                 #              #              #                                                     
                 #             ###             #                        #  #                         
                 #            #####            #                                                     
                 #           #######           #                                                     
                 #          #########          #              ##                    #                
                 #            #####            #                                   #                 
                 #           #######           #                     #                               
                 #          #########          #                                                     
                 #         ###########         #                    #               #                
                 #        #############        #                              #                      
                 #          #########          #                                                     
     #           #         ###########         #                             #                       
                 #        #############        #                                                     
                 #       ###############       #                                                     
          #      #      #################      #                                    #                
                 #        #############        #                                                     
       #         #       ###############       #             #           #                           
                 #      #################      #          #                                          
                 #     ###################     #                                                     
                 #    #####################    #                                                     
                 #             ###             #                                #    #               
  #         #    #             ###             #         #             #                             
                 #             ###             #                        #                      #     
                 #                             #                                      #              
                 #                             #  # #                        #     #                 
                 #                             #                                                 # # 
                 #                             #                                                     
                 ###############################                                                     
                                                                            #                        
                                                                                              #      
               #                                                                  #                  
                                                                       #                             
  #                                #   #                                   #     #                   
 #              # #                  #                                                               
                                                                                                     
                                                                                                     
                                   #    #         #                                        #         
                                                                                                     
#    #                  #                                                                            
          #    #                #                    #                                               
                                                                                                     
                     #                                                                               
                                                                                                     
                                                                                       #             
                                                                                                     
                                                              #                                      
                                                                                                     
                                                    #          #                                     
                       #                                                     #                       
                                                                                                     
                                                                                                     
                                                                                          #          
                                       #                                                             
                                                                                                     
       #                                                                                             
                                                                                        #            
                                        #                                 #                #         
Time: 28298
                                          #                                                          
                                     #                 #                          #                  
                                         #        #                                                  
                                                                                                     
    #                                            #                     #                     #       
                                                                                                     
                                                    #   #                                            
           #                      #                       #                                  #       
                                                               #                                     
                                                                #                                    
                         #                 #                                                         
                                                                                                     
                           #                                  #    #             #                #  
  #                                                                                                  
                                                                                                     
                                                                          #                 #        
                                                                                                     
                                     #                                                               
   #                                          #                                                      
                                                   #               #           #                     
                                                                                                     
              #                                       #                                              
                                                                                                     
                     #                                              #                   #            
                   #                                                                                 
                                                                                             #       
      #                                              #                                #              
   #                             ## #                                                                
    #                                #                                                               
                                                                                                     
                                                                                                     
                                              #      #                           #                   
                                                                             #                       
                                                                                             #       
        #            #                                                                #              
                                                                 #                                   
                                        #                  #                                         
                                      #                                   #         #         #  #   
                                                                                                     
                        #         #                                                                  
  #                                                        #                                         
                 ###############################                            #                        
               # #                             #                                  #                  
                 #                             #                                          #          
                 #                             #                            #                        
                 #                             #                                                     
                 #              #              #                                                     
                 #             ###             #                        #  #                         
                 #            #####            #                                                     
                 #           #######           #                                                     
                 #          #########          #              ##                    #                
                 #            #####            #                                   #                 
                 #           #######           #                     #                               
                 #          #########          #                                                     
                 #         ###########         #                    #               #                
                 #        #############        #                              #                      
                 #          #########          #                                                     
     #           #         ###########         #                             #                       
                 #        #############        #                                                     
                 #       ###############       #                                                     
          #      #      #################      #                                    #                
                 #        #############        #                                                     
       #         #       ###############       #             #           #                           
                 #      #################      #          #                                          
                 #     ###################     #                                                     
                 #    #####################    #                                                     
                 #             ###             #                                #    #               
  #         #    #             ###             #         #             #                             
                 #             ###             #                        #                      #     
                 #                             #                                      #              
                 #                             #  # #                        #     #                 
                 #                             #                                                 # # 
                 #                             #                                                     
                 ###############################                                                     
                                                                            #                        
                                                                                              #      
               #                                                                  #                  
                                                                       #                             
  #                                #   #                                   #     #                   
 #              # #                  #                                                               
                                                                                                     
                                                                                                     
                                   #    #         #                                        #         
                                                                                                     
#    #                  #                                                                            
          #    #                #                    #                                               
                                                                                                     
                     #                                                                               
                                                                                                     
                                                                                       #             
                                                                                                     
                                                              #                                      
                                                                                                     
                                                    #          #                                     
                       #                                                     #                       
                                                                                                     
                                                                                                     
                                                                                          #          
                                       #                                                             
                                                                                                     
       #                                                                                             
                                                                                        #            
                                        #                                 #                #         
Time: 38701
                                          #                                                          
                                     #                 #                          #                  
                                         #        #                                                  
                                                                                                     
    #                                            #                     #                     #       
                                                                                                     
                                                    #   #                                            
           #                      #                       #                                  #       
                                                               #                                     
                                                                #                                    
                         #                 #                                                         
                                                                                                     
                           #                                  #    #             #                #  
  #                                                                                                  
                                                                                                     
                                                                          #                 #        
                                                                                                     
                                     #                                                               
   #                                          #                                                      
                                                   #               #           #                     
                                                                                                     
              #                                       #                                              
                                                                                                     
                     #                                              #                   #            
                   #                                                                                 
                                                                                             #       
      #                                              #                                #              
   #                             ## #                                                                
    #                                #                                                               
                                                                                                     
                                                                                                     
                                              #      #                           #                   
                                                                             #                       
                                                                                             #       
        #            #                                                                #              
                                                                 #                                   
                                        #                  #                                         
                                      #                                   #         #         #  #   
                                                                                                     
                        #         #                                                                  
  #                                                        #                                         
                 ###############################                            #                        
               # #                             #                                  #                  
                 #                             #                                          #          
                 #                             #                            #                        
                 #                             #                                                     
                 #              #              #                                                     
                 #             ###             #                        #  #                         
                 #            #####            #                                                     
                 #           #######           #                                                     
                 #          #########          #              ##                    #                
                 #            #####            #                                   #                 
                 #           #######           #                     #                               
                 #          #########          #                                                     
                 #         ###########         #                    #               #                
                 #        #############        #                              #                      
                 #          #########          #                                                     
     #           #         ###########         #                             #                       
                 #        #############        #                                                     
                 #       ###############       #                                                     
          #      #      #################      #                                    #                
                 #        #############        #                                                     
       #         #       ###############       #             #           #                           
                 #      #################      #          #                                          
                 #     ###################     #                                                     
                 #    #####################    #                                                     
                 #             ###             #                                #    #               
  #         #    #             ###             #         #             #                             
                 #             ###             #                        #                      #     
                 #                             #                                      #              
                 #                             #  # #                        #     #                 
                 #                             #                                                 # # 
                 #                             #                                                     
                 ###############################                                                     
                                                                            #                        
                                                                                              #      
               #                                                                  #                  
                                                                       #                             
  #                                #   #                                   #     #                   
 #              # #                  #                                                               
                                                                                                     
                                                                                                     
                                   #    #         #                                        #         
                                                                                                     
#    #                  #                                                                            
          #    #                #                    #                                               
                                                                                                     
                     #                                                                               
                                                                                                     
                                                                                       #             
                                                                                                     
                                                              #                                      
                                                                                                     
                                                    #          #                                     
                       #                                                     #                       
                                                                                                     
                                                                                                     
                                                                                          #          
                                       #                                                             
                                                                                                     
       #                                                                                             
                                                                                        #            
                                        #                                 #                #         
Time: 49104
                                          #                                                          
                                     #                 #                          #                  
                                         #        #                                                  
                                                                                                     
    #                                            #                     #                     #       
                                                                                                     
                                                    #   #                                            
           #                      #                       #                                  #       
                                                               #                                     
                                                                #                                    
                         #                 #                                                         
                                                                                                     
                           #                                  #    #             #                #  
  #                                                                                                  
                                                                                                     
                                                                          #                 #        
                                                                                                     
                                     #                                                               
   #                                          #                                                      
                                                   #               #           #                     
                                                                                                     
              #                                       #                                              
                                                                                                     
                     #                                              #                   #            
                   #                                                                                 
                                                                                             #       
      #                                              #                                #              
   #                             ## #                                                                
    #                                #                                                               
                                                                                                     
                                                                                                     
                                              #      #                           #                   
                                                                             #                       
                                                                                             #       
        #            #                                                                #              
                                                                 #                                   
                                        #                  #                                         
                                      #                                   #         #         #  #   
                                                                                                     
                        #         #                                                                  
  #                                                        #                                         
                 ###############################                            #                        
               # #                             #                                  #                  
                 #                             #                                          #          
                 #                             #                            #                        
                 #                             #                                                     
                 #              #              #                                                     
                 #             ###             #                        #  #                         
                 #            #####            #                                                     
                 #           #######           #                                                     
                 #          #########          #              ##                    #                
                 #            #####            #                                   #                 
                 #           #######           #                     #                               
                 #          #########          #                                                     
                 #         ###########         #                    #               #                
                 #        #############        #                              #                      
                 #          #########          #                                                     
     #           #         ###########         #                             #                       
                 #        #############        #                                                     
                 #       ###############       #                                                     
          #      #      #################      #                                    #                
                 #        #############        #                                                     
       #         #       ###############       #             #           #                           
                 #      #################      #          #                                          
                 #     ###################     #                                                     
                 #    #####################    #                                                     
                 #             ###             #                                #    #               
  #         #    #             ###             #         #             #                             
                 #             ###             #                        #                      #     
                 #                             #                                      #              
                 #                             #  # #                        #     #                 
                 #                             #                                                 # # 
                 #                             #                                                     
                 ###############################                                                     
                                                                            #                        
                                                                                              #      
               #                                                                  #                  
                                                                       #                             
  #                                #   #                                   #     #                   
 #              # #                  #                                                               
                                                                                                     
                                                                                                     
                                   #    #         #                                        #         
                                                                                                     
#    #                  #                                                                            
          #    #                #                    #                                               
                                                                                                     
                     #                                                                               
                                                                                                     
                                                                                       #             
                                                                                                     
                                                              #                                      
                                                                                                     
                                                    #          #                                     
                       #                                                     #                       
                                                                                                     
                                                                                                     
                                                                                          #          
                                       #                                                             
                                                                                                     
       #                                                                                             
                                                                                        #            
                                        #                                 #                #         
Time: 59507
                                          #                                                          
                                     #                 #                          #                  
                                         #        #                                                  
                                                                                                     
    #                                            #                     #                     #       
                                                                                                     
                                                    #   #                                            
           #                      #                       #                                  #       
                                                               #                                     
                                                                #                                    
                         #                 #                                                         
                                                                                                     
                           #                                  #    #             #                #  
  #                                                                                                  
                                                                                                     
                                                                          #                 #        
                                                                                                     
                                     #                                                               
   #                                          #                                                      
                                                   #               #           #                     
                                                                                                     
              #                                       #                                              
                                                                                                     
                     #                                              #                   #            
                   #                                                                                 
                                                                                             #       
      #                                              #                                #              
   #                             ## #                                                                
    #                                #                                                               
                                                                                                     
                                                                                                     
                                              #      #                           #                   
                                                                             #                       
                                                                                             #       
        #            #                                                                #              
                                                                 #                                   
                                        #                  #                                         
                                      #                                   #         #         #  #   
                                                                                                     
                        #         #                                                                  
  #                                                        #                                         
                 ###############################                            #                        
               # #                             #                                  #                  
                 #                             #                                          #          
                 #                             #                            #                        
                 #                             #                                                     
                 #              #              #                                                     
                 #             ###             #                        #  #                         
                 #            #####            #                                                     
                 #           #######           #                                                     
                 #          #########          #              ##                    #                
                 #            #####            #                                   #                 
                 #           #######           #                     #                               
                 #          #########          #                                                     
                 #         ###########         #                    #               #                
                 #        #############        #                              #                      
                 #          #########          #                                                     
     #           #         ###########         #                             #                       
                 #        #############        #                                                     
                 #       ###############       #                                                     
          #      #      #################      #                                    #                
                 #        #############        #                                                     
       #         #       ###############       #             #           #                           
                 #      #################      #          #                                          
                 #     ###################     #                                                     
                 #    #####################    #                                                     
                 #             ###             #                                #    #               
  #         #    #             ###             #         #             #                             
                 #             ###             #                        #                      #     
                 #                             #                                      #              
                 #                             #  # #                        #     #                 
                 #                             #                                                 # # 
                 #                             #                                                     
                 ###############################                                                     
                                                                            #                        
                                                                                              #      
               #                                                                  #                  
                                                                       #                             
  #                                #   #                                   #     #                   
 #              # #                  #                                                               
                                                                                                     
                                                                                                     
                                   #    #         #                                        #         
                                                                                                     
#    #                  #                                                                            
          #    #                #                    #                                               
                                                                                                     
                     #                                                                               
                                                                                                     
                                                                                       #             
                                                                                                     
                                                              #                                      
                                                                                                     
                                                    #          #                                     
                       #                                                     #                       
                                                                                                     
                                                                                                     
                                                                                          #          
                                       #                                                             
                                                                                                     
       #                                                                                             
                                                                                        #            
                                        #                                 #                #         
Time: 69910
                                          #                                                          
                                     #                 #                          #                  
                                         #        #                                                  
                                                                                                     
    #                                            #                     #                     #       
                                                                                                     
                                                    #   #                                            
           #                      #                       #                                  #       
                                                               #                                     
                                                                #                                    
                         #                 #                                                         
                                                                                                     
                           #                                  #    #             #                #  
  #                                                                                                  
                                                                                                     
                                                                          #                 #        
                                                                                                     
                                     #                                                               
   #                                          #                                                      
                                                   #               #           #                     
                                                                                                     
              #                                       #                                              
                                                                                                     
                     #                                              #                   #            
                   #                                                                                 
                                                                                             #       
      #                                              #                                #              
   #                             ## #                                                                
    #                                #                                                               
                                                                                                     
                                                                                                     
                                              #      #                           #                   
                                                                             #                       
                                                                                             #       
        #            #                                                                #              
                                                                 #                                   
                                        #                  #                                         
                                      #                                   #         #         #  #   
                                                                                                     
                        #         #                                                                  
  #                                                        #                                         
                 ###############################                            #                        
               # #                             #                                  #                  
                 #                             #                                          #          
                 #                             #                            #                        
                 #                             #                                                     
                 #              #              #                                                     
                 #             ###             #                        #  #                         
                 #            #####            #                                                     
                 #           #######           #                                                     
                 #          #########          #              ##                    #                
                 #            #####            #                                   #                 
                 #           #######           #                     #                               
                 #          #########          #                                                     
                 #         ###########         #                    #               #                
                 #        #############        #                              #                      
                 #          #########          #                                                     
     #           #         ###########         #                             #                       
                 #        #############        #                                                     
                 #       ###############       #                                                     
          #      #      #################      #                                    #                
                 #        #############        #                                                     
       #         #       ###############       #             #           #                           
                 #      #################      #          #                                          
                 #     ###################     #                                                     
                 #    #####################    #                                                     
                 #             ###             #                                #    #               
  #         #    #             ###             #         #             #                             
                 #             ###             #                        #                      #     
                 #                             #                                      #              
                 #                             #  # #                        #     #                 
                 #                             #                                                 # # 
                 #                             #                                                     
                 ###############################                                                     
                                                                            #                        
                                                                                              #      
               #                                                                  #                  
                                                                       #                             
  #                                #   #                                   #     #                   
 #              # #                  #                                                               
                                                                                                     
                                                                                                     
                                   #    #         #                                        #         
                                                                                                     
#    #                  #                                                                            
          #    #                #                    #                                               
                                                                                                     
                     #                                                                               
                                                                                                     
                                                                                       #             
                                                                                                     
                                                              #                                      
                                                                                                     
                                                    #          #                                     
                       #                                                     #                       
                                                                                                     
                                                                                                     
                                                                                          #          
                                       #                                                             
                                                                                                     
       #                                                                                             
                                                                                        #            
                                        #                                 #                #         
Time: 80313
                                          #                                                          
                                     #                 #                          #                  
                                         #        #                                                  
                                                                                                     
    #                                            #                     #                     #       
                                                                                                     
                                                    #   #                                            
           #                      #                       #                                  #       
                                                               #                                     
                                                                #                                    
                         #                 #                                                         
                                                                                                     
                           #                                  #    #             #                #  
  #                                                                                                  
                                                                                                     
                                                                          #                 #        
                                                                                                     
                                     #                                                               
   #                                          #                                                      
                                                   #               #           #                     
                                                                                                     
              #                                       #                                              
                                                                                                     
                     #                                              #                   #            
                   #                                                                                 
                                                                                             #       
      #                                              #                                #              
   #                             ## #                                                                
    #                                #                                                               
                                                                                                     
                                                                                                     
                                              #      #                           #                   
                                                                             #                       
                                                                                             #       
        #            #                                                                #              
                                                                 #                                   
                                        #                  #                                         
                                      #                                   #         #         #  #   
                                                                                                     
                        #         #                                                                  
  #                                                        #                                         
                 ###############################                            #                        
               # #                             #                                  #                  
                 #                             #                                          #          
                 #                             #                            #                        
                 #                             #                                                     
                 #              #              #                                                     
                 #             ###             #                        #  #                         
                 #            #####            #                                                     
                 #           #######           #                                                     
                 #          #########          #              ##                    #                
                 #            #####            #                                   #                 
                 #           #######           #                     #                               
                 #          #########          #                                                     
                 #         ###########         #                    #               #                
                 #        #############        #                              #                      
                 #          #########          #                                                     
     #           #         ###########         #                             #                       
                 #        #############        #                                                     
                 #       ###############       #                                                     
          #      #      #################      #                                    #                
                 #        #############        #                                                     
       #         #       ###############       #             #           #                           
                 #      #################      #          #                                          
                 #     ###################     #                                                     
                 #    #####################    #                                                     
                 #             ###             #                                #    #               
  #         #    #             ###             #         #             #                             
                 #             ###             #                        #                      #     
                 #                             #                                      #              
                 #                             #  # #                        #     #                 
                 #                             #                                                 # # 
                 #                             #                                                     
                 ###############################                                                     
                                                                            #                        
                                                                                              #      
               #                                                                  #                  
                                                                       #                             
  #                                #   #                                   #     #                   
 #              # #                  #                                                               
                                                                                                     
                                                                                                     
                                   #    #         #                                        #         
                                                                                                     
#    #                  #                                                                            
          #    #                #                    #                                               
                                                                                                     
                     #                                                                               
                                                                                                     
                                                                                       #             
                                                                                                     
                                                              #                                      
                                                                                                     
                                                    #          #                                     
                       #                                                     #                       
                                                                                                     
                                                                                                     
                                                                                          #          
                                       #                                                             
                                                                                                     
       #                                                                                             
                                                                                        #            
                                        #                                 #                #         
Time: 90716
                                          #                                                          
                                     #                 #                          #                  
                                         #        #                                                  
                                                                                                     
    #                                            #                     #                     #       
                                                                                                     
                                                    #   #                                            
           #                      #                       #                                  #       
                                                               #                                     
                                                                #                                    
                         #                 #                                                         
                                                                                                     
                           #                                  #    #             #                #  
  #                                                                                                  
                                                                                                     
                                                                          #                 #        
                                                                                                     
                                     #                                                               
   #                                          #                                                      
                                                   #               #           #                     
                                                                                                     
              #                                       #                                              
                                                                                                     
                     #                                              #                   #            
                   #                                                                                 
                                                                                             #       
      #                                              #                                #              
   #                             ## #                                                                
    #                                #                                                               
                                                                                                     
                                                                                                     
                                              #      #                           #                   
                                                                             #                       
                                                                                             #       
        #            #                                                                #              
                                                                 #                                   
                                        #                  #                                         
                                      #                                   #         #         #  #   
                                                                                                     
                        #         #                                                                  
  #                                                        #                                         
                 ###############################                            #                        
               # #                             #                                  #                  
                 #                             #                                          #          
                 #                             #                            #                        
                 #                             #                                                     
                 #              #              #                                                     
                 #             ###             #                        #  #                         
                 #            #####            #                                                     
                 #           #######           #                                                     
                 #          #########          #              ##                    #                
                 #            #####            #                                   #                 
                 #           #######           #                     #                               
                 #          #########          #                                                     
                 #         ###########         #                    #               #                
                 #        #############        #                              #                      
                 #          #########          #                                                     
     #           #         ###########         #                             #                       
                 #        #############        #                                                     
                 #       ###############       #                                                     
          #      #      #################      #                                    #                
                 #        #############        #                                                     
       #         #       ###############       #             #           #                           
                 #      #################      #          #                                          
                 #     ###################     #                                                     
                 #    #####################    #                                                     
                 #             ###             #                                #    #               
  #         #    #             ###             #         #             #                             
                 #             ###             #                        #                      #     
                 #                             #                                      #              
                 #                             #  # #                        #     #                 
                 #                             #                                                 # # 
                 #                             #                                                     
                 ###############################                                                     
                                                                            #                        
                                                                                              #      
               #                                                                  #                  
                                                                       #                             
  #                                #   #                                   #     #                   
 #              # #                  #                                                               
                                                                                                     
                                                                                                     
                                   #    #         #                                        #         
                                                                                                     
#    #                  #                                                                            
          #    #                #                    #                                               
                                                                                                     
                     #                                                                               
                                                                                                     
                                                                                       #             
                                                                                                     
                                                              #                                      
                                                                                                     
                                                    #          #                                     
                       #                                                     #                       
                                                                                                     
                                                                                                     
                                                                                          #          
                                       #                                                             
                                                                                                     
       #                                                                                             
                                                                                        #            
                                        #                                 #                #         
